2022/11/17 04:26:24 [notice] 1#1: using the "epoll" event method
2022/11/17 04:26:24 [notice] 1#1: nginx/1.21.6
2022/11/17 04:26:24 [notice] 1#1: built by gcc 10.3.1 20211027 (Alpine 10.3.1_git20211027) 
2022/11/17 04:26:24 [notice] 1#1: OS: Linux 5.10.102.1-microsoft-standard-WSL2
2022/11/17 04:26:24 [notice] 1#1: getrlimit(RLIMIT_NOFILE): 1048576:1048576
2022/11/17 04:26:24 [notice] 1#1: start worker processes
2022/11/17 04:26:24 [notice] 1#1: start worker process 22
2022/11/17 04:26:24 [notice] 1#1: start worker process 23
2022/11/17 04:26:24 [notice] 1#1: start worker process 24
2022/11/17 04:26:24 [notice] 1#1: start worker process 25
2022/11/17 04:26:24 [notice] 1#1: start worker process 26
2022/11/17 04:26:24 [notice] 1#1: start worker process 27
2022/11/17 04:26:24 [notice] 1#1: start worker process 28
2022/11/17 04:26:24 [notice] 1#1: start worker process 29
2022/11/17 04:27:29 [notice] 1#1: signal 3 (SIGQUIT) received, shutting down
2022/11/17 04:27:29 [notice] 24#24: gracefully shutting down
2022/11/17 04:27:29 [notice] 23#23: gracefully shutting down
2022/11/17 04:27:29 [notice] 27#27: gracefully shutting down
2022/11/17 04:27:29 [notice] 24#24: exiting
2022/11/17 04:27:29 [notice] 25#25: gracefully shutting down
2022/11/17 04:27:29 [notice] 27#27: exiting
2022/11/17 04:27:29 [notice] 22#22: gracefully shutting down
2022/11/17 04:27:29 [notice] 25#25: exiting
2022/11/17 04:27:29 [notice] 22#22: exiting
2022/11/17 04:27:29 [notice] 23#23: exiting
2022/11/17 04:27:29 [notice] 24#24: exit
2022/11/17 04:27:29 [notice] 25#25: exit
2022/11/17 04:27:29 [notice] 27#27: exit
2022/11/17 04:27:29 [notice] 22#22: exit
2022/11/17 04:27:29 [notice] 23#23: exit
2022/11/17 04:27:29 [notice] 28#28: gracefully shutting down
2022/11/17 04:27:29 [notice] 26#26: gracefully shutting down
2022/11/17 04:27:29 [notice] 28#28: exiting
2022/11/17 04:27:29 [notice] 26#26: exiting
2022/11/17 04:27:29 [notice] 28#28: exit
2022/11/17 04:27:29 [notice] 26#26: exit
2022/11/17 04:27:29 [notice] 29#29: gracefully shutting down
2022/11/17 04:27:29 [notice] 29#29: exiting
2022/11/17 04:27:29 [notice] 29#29: exit
2022/11/17 04:27:30 [notice] 1#1: signal 17 (SIGCHLD) received from 27
2022/11/17 04:27:30 [notice] 1#1: worker process 24 exited with code 0
2022/11/17 04:27:30 [notice] 1#1: worker process 23 exited with code 0
2022/11/17 04:27:30 [notice] 1#1: worker process 25 exited with code 0
2022/11/17 04:27:30 [notice] 1#1: worker process 27 exited with code 0
2022/11/17 04:27:30 [notice] 1#1: worker process 28 exited with code 0
2022/11/17 04:27:30 [notice] 1#1: signal 29 (SIGIO) received
2022/11/17 04:27:30 [notice] 1#1: signal 17 (SIGCHLD) received from 25
2022/11/17 04:27:30 [notice] 1#1: signal 17 (SIGCHLD) received from 22
2022/11/17 04:27:30 [notice] 1#1: worker process 22 exited with code 0
2022/11/17 04:27:30 [notice] 1#1: worker process 26 exited with code 0
2022/11/17 04:27:30 [notice] 1#1: worker process 29 exited with code 0
2022/11/17 04:27:30 [notice] 1#1: exit
2022/11/17 04:28:07 [notice] 1#1: using the "epoll" event method
2022/11/17 04:28:07 [notice] 1#1: nginx/1.21.6
2022/11/17 04:28:07 [notice] 1#1: built by gcc 10.3.1 20211027 (Alpine 10.3.1_git20211027) 
2022/11/17 04:28:07 [notice] 1#1: OS: Linux 5.10.102.1-microsoft-standard-WSL2
2022/11/17 04:28:07 [notice] 1#1: getrlimit(RLIMIT_NOFILE): 1048576:1048576
2022/11/17 04:28:07 [notice] 1#1: start worker processes
2022/11/17 04:28:07 [notice] 1#1: start worker process 23
2022/11/17 04:28:07 [notice] 1#1: start worker process 24
2022/11/17 04:28:07 [notice] 1#1: start worker process 25
2022/11/17 04:28:07 [notice] 1#1: start worker process 26
2022/11/17 04:28:07 [notice] 1#1: start worker process 27
2022/11/17 04:28:07 [notice] 1#1: start worker process 28
2022/11/17 04:28:07 [notice] 1#1: start worker process 29
2022/11/17 04:28:07 [notice] 1#1: start worker process 30
2022/11/17 04:28:19 [notice] 1#1: signal 3 (SIGQUIT) received, shutting down
2022/11/17 04:28:19 [notice] 23#23: gracefully shutting down
2022/11/17 04:28:19 [notice] 25#25: gracefully shutting down
2022/11/17 04:28:19 [notice] 26#26: gracefully shutting down
2022/11/17 04:28:19 [notice] 27#27: gracefully shutting down
2022/11/17 04:28:19 [notice] 23#23: exiting
2022/11/17 04:28:19 [notice] 25#25: exiting
2022/11/17 04:28:19 [notice] 28#28: gracefully shutting down
2022/11/17 04:28:19 [notice] 29#29: gracefully shutting down
2022/11/17 04:28:19 [notice] 27#27: exiting
2022/11/17 04:28:19 [notice] 28#28: exiting
2022/11/17 04:28:19 [notice] 29#29: exiting
2022/11/17 04:28:19 [notice] 27#27: exit
2022/11/17 04:28:19 [notice] 23#23: exit
2022/11/17 04:28:19 [notice] 25#25: exit
2022/11/17 04:28:19 [notice] 29#29: exit
2022/11/17 04:28:19 [notice] 28#28: exit
2022/11/17 04:28:19 [notice] 24#24: gracefully shutting down
2022/11/17 04:28:19 [notice] 24#24: exiting
2022/11/17 04:28:19 [notice] 26#26: exiting
2022/11/17 04:28:19 [notice] 24#24: exit
2022/11/17 04:28:19 [notice] 30#30: gracefully shutting down
2022/11/17 04:28:19 [notice] 30#30: exiting
2022/11/17 04:28:19 [notice] 26#26: exit
2022/11/17 04:28:19 [notice] 30#30: exit
2022/11/17 04:28:19 [notice] 1#1: signal 17 (SIGCHLD) received from 28
2022/11/17 04:28:19 [notice] 1#1: worker process 25 exited with code 0
2022/11/17 04:28:19 [notice] 1#1: worker process 26 exited with code 0
2022/11/17 04:28:19 [notice] 1#1: worker process 28 exited with code 0
2022/11/17 04:28:19 [notice] 1#1: worker process 29 exited with code 0
2022/11/17 04:28:19 [notice] 1#1: worker process 30 exited with code 0
2022/11/17 04:28:19 [notice] 1#1: signal 29 (SIGIO) received
2022/11/17 04:28:19 [notice] 1#1: signal 17 (SIGCHLD) received from 27
2022/11/17 04:28:19 [notice] 1#1: worker process 27 exited with code 0
2022/11/17 04:28:19 [notice] 1#1: signal 29 (SIGIO) received
2022/11/17 04:28:19 [notice] 1#1: signal 17 (SIGCHLD) received from 23
2022/11/17 04:28:19 [notice] 1#1: worker process 23 exited with code 0
2022/11/17 04:28:19 [notice] 1#1: signal 29 (SIGIO) received
2022/11/17 04:28:19 [notice] 1#1: signal 17 (SIGCHLD) received from 24
2022/11/17 04:28:19 [notice] 1#1: worker process 24 exited with code 0
2022/11/17 04:28:19 [notice] 1#1: exit
2022/11/17 04:28:40 [notice] 1#1: using the "epoll" event method
2022/11/17 04:28:40 [notice] 1#1: nginx/1.21.6
2022/11/17 04:28:40 [notice] 1#1: built by gcc 10.3.1 20211027 (Alpine 10.3.1_git20211027) 
2022/11/17 04:28:40 [notice] 1#1: OS: Linux 5.10.102.1-microsoft-standard-WSL2
2022/11/17 04:28:40 [notice] 1#1: getrlimit(RLIMIT_NOFILE): 1048576:1048576
2022/11/17 04:28:40 [notice] 1#1: start worker processes
2022/11/17 04:28:40 [notice] 1#1: start worker process 23
2022/11/17 04:28:40 [notice] 1#1: start worker process 24
2022/11/17 04:28:40 [notice] 1#1: start worker process 25
2022/11/17 04:28:40 [notice] 1#1: start worker process 26
2022/11/17 04:28:40 [notice] 1#1: start worker process 27
2022/11/17 04:28:40 [notice] 1#1: start worker process 28
2022/11/17 04:28:40 [notice] 1#1: start worker process 29
2022/11/17 04:28:40 [notice] 1#1: start worker process 30
2022/11/17 04:29:54 [notice] 1#1: signal 3 (SIGQUIT) received, shutting down
2022/11/17 04:29:54 [notice] 23#23: gracefully shutting down
2022/11/17 04:29:54 [notice] 23#23: exiting
2022/11/17 04:29:54 [notice] 23#23: exit
2022/11/17 04:29:54 [notice] 24#24: gracefully shutting down
2022/11/17 04:29:54 [notice] 25#25: gracefully shutting down
2022/11/17 04:29:54 [notice] 24#24: exiting
2022/11/17 04:29:54 [notice] 25#25: exiting
2022/11/17 04:29:54 [notice] 28#28: gracefully shutting down
2022/11/17 04:29:54 [notice] 29#29: gracefully shutting down
2022/11/17 04:29:54 [notice] 26#26: gracefully shutting down
2022/11/17 04:29:54 [notice] 29#29: exiting
2022/11/17 04:29:54 [notice] 28#28: exiting
2022/11/17 04:29:54 [notice] 26#26: exiting
2022/11/17 04:29:54 [notice] 24#24: exit
2022/11/17 04:29:54 [notice] 25#25: exit
2022/11/17 04:29:54 [notice] 29#29: exit
2022/11/17 04:29:54 [notice] 28#28: exit
2022/11/17 04:29:54 [notice] 26#26: exit
2022/11/17 04:29:54 [notice] 30#30: gracefully shutting down
2022/11/17 04:29:54 [notice] 30#30: exiting
2022/11/17 04:29:54 [notice] 27#27: gracefully shutting down
2022/11/17 04:29:54 [notice] 30#30: exit
2022/11/17 04:29:54 [notice] 27#27: exiting
2022/11/17 04:29:54 [notice] 27#27: exit
2022/11/17 04:29:54 [notice] 1#1: signal 17 (SIGCHLD) received from 29
2022/11/17 04:29:54 [notice] 1#1: worker process 24 exited with code 0
2022/11/17 04:29:54 [notice] 1#1: worker process 26 exited with code 0
2022/11/17 04:29:54 [notice] 1#1: worker process 27 exited with code 0
2022/11/17 04:29:54 [notice] 1#1: worker process 29 exited with code 0
2022/11/17 04:29:54 [notice] 1#1: signal 29 (SIGIO) received
2022/11/17 04:29:54 [notice] 1#1: signal 17 (SIGCHLD) received from 27
2022/11/17 04:29:54 [notice] 1#1: signal 17 (SIGCHLD) received from 23
2022/11/17 04:29:54 [notice] 1#1: worker process 23 exited with code 0
2022/11/17 04:29:54 [notice] 1#1: worker process 25 exited with code 0
2022/11/17 04:29:54 [notice] 1#1: signal 29 (SIGIO) received
2022/11/17 04:29:54 [notice] 1#1: signal 17 (SIGCHLD) received from 30
2022/11/17 04:29:54 [notice] 1#1: worker process 30 exited with code 0
2022/11/17 04:29:54 [notice] 1#1: signal 29 (SIGIO) received
2022/11/17 04:29:54 [notice] 1#1: signal 17 (SIGCHLD) received from 28
2022/11/17 04:29:54 [notice] 1#1: worker process 28 exited with code 0
2022/11/17 04:29:54 [notice] 1#1: exit
2022/11/17 04:30:06 [notice] 1#1: using the "epoll" event method
2022/11/17 04:30:06 [notice] 1#1: nginx/1.21.6
2022/11/17 04:30:06 [notice] 1#1: built by gcc 10.3.1 20211027 (Alpine 10.3.1_git20211027) 
2022/11/17 04:30:06 [notice] 1#1: OS: Linux 5.10.102.1-microsoft-standard-WSL2
2022/11/17 04:30:06 [notice] 1#1: getrlimit(RLIMIT_NOFILE): 1048576:1048576
2022/11/17 04:30:06 [notice] 1#1: start worker processes
2022/11/17 04:30:06 [notice] 1#1: start worker process 23
2022/11/17 04:30:06 [notice] 1#1: start worker process 24
2022/11/17 04:30:06 [notice] 1#1: start worker process 25
2022/11/17 04:30:06 [notice] 1#1: start worker process 26
2022/11/17 04:30:06 [notice] 1#1: start worker process 27
2022/11/17 04:30:06 [notice] 1#1: start worker process 28
2022/11/17 04:30:06 [notice] 1#1: start worker process 29
2022/11/17 04:30:06 [notice] 1#1: start worker process 30
2022/11/17 04:32:07 [notice] 1#1: signal 3 (SIGQUIT) received, shutting down
2022/11/17 04:32:07 [notice] 24#24: gracefully shutting down
2022/11/17 04:32:07 [notice] 23#23: gracefully shutting down
2022/11/17 04:32:07 [notice] 25#25: gracefully shutting down
2022/11/17 04:32:07 [notice] 27#27: gracefully shutting down
2022/11/17 04:32:07 [notice] 28#28: gracefully shutting down
2022/11/17 04:32:07 [notice] 24#24: exiting
2022/11/17 04:32:07 [notice] 26#26: gracefully shutting down
2022/11/17 04:32:07 [notice] 25#25: exiting
2022/11/17 04:32:07 [notice] 23#23: exiting
2022/11/17 04:32:07 [notice] 27#27: exiting
2022/11/17 04:32:07 [notice] 28#28: exiting
2022/11/17 04:32:07 [notice] 26#26: exiting
2022/11/17 04:32:07 [notice] 24#24: exit
2022/11/17 04:32:07 [notice] 25#25: exit
2022/11/17 04:32:07 [notice] 23#23: exit
2022/11/17 04:32:07 [notice] 28#28: exit
2022/11/17 04:32:07 [notice] 27#27: exit
2022/11/17 04:32:07 [notice] 26#26: exit
2022/11/17 04:32:07 [notice] 29#29: gracefully shutting down
2022/11/17 04:32:07 [notice] 29#29: exiting
2022/11/17 04:32:07 [notice] 29#29: exit
2022/11/17 04:32:07 [notice] 30#30: gracefully shutting down
2022/11/17 04:32:07 [notice] 30#30: exiting
2022/11/17 04:32:07 [notice] 30#30: exit
2022/11/17 04:32:07 [notice] 1#1: signal 17 (SIGCHLD) received from 26
2022/11/17 04:32:07 [notice] 1#1: worker process 26 exited with code 0
2022/11/17 04:32:07 [notice] 1#1: signal 29 (SIGIO) received
2022/11/17 04:32:07 [notice] 1#1: signal 17 (SIGCHLD) received from 23
2022/11/17 04:32:07 [notice] 1#1: worker process 23 exited with code 0
2022/11/17 04:32:07 [notice] 1#1: worker process 25 exited with code 0
2022/11/17 04:32:07 [notice] 1#1: signal 29 (SIGIO) received
2022/11/17 04:32:07 [notice] 1#1: signal 17 (SIGCHLD) received from 27
2022/11/17 04:32:07 [notice] 1#1: worker process 27 exited with code 0
2022/11/17 04:32:07 [notice] 1#1: worker process 28 exited with code 0
2022/11/17 04:32:07 [notice] 1#1: signal 29 (SIGIO) received
2022/11/17 04:32:07 [notice] 1#1: signal 17 (SIGCHLD) received from 24
2022/11/17 04:32:07 [notice] 1#1: worker process 24 exited with code 0
2022/11/17 04:32:07 [notice] 1#1: signal 29 (SIGIO) received
2022/11/17 04:32:07 [notice] 1#1: signal 17 (SIGCHLD) received from 30
2022/11/17 04:32:07 [notice] 1#1: worker process 29 exited with code 0
2022/11/17 04:32:07 [notice] 1#1: worker process 30 exited with code 0
2022/11/17 04:32:07 [notice] 1#1: exit
2022/11/17 04:32:17 [notice] 1#1: using the "epoll" event method
2022/11/17 04:32:17 [notice] 1#1: nginx/1.21.6
2022/11/17 04:32:17 [notice] 1#1: built by gcc 10.3.1 20211027 (Alpine 10.3.1_git20211027) 
2022/11/17 04:32:17 [notice] 1#1: OS: Linux 5.10.102.1-microsoft-standard-WSL2
2022/11/17 04:32:17 [notice] 1#1: getrlimit(RLIMIT_NOFILE): 1048576:1048576
2022/11/17 04:32:17 [notice] 1#1: start worker processes
2022/11/17 04:32:17 [notice] 1#1: start worker process 23
2022/11/17 04:32:17 [notice] 1#1: start worker process 24
2022/11/17 04:32:17 [notice] 1#1: start worker process 25
2022/11/17 04:32:17 [notice] 1#1: start worker process 26
2022/11/17 04:32:17 [notice] 1#1: start worker process 27
2022/11/17 04:32:17 [notice] 1#1: start worker process 28
2022/11/17 04:32:17 [notice] 1#1: start worker process 29
2022/11/17 04:32:17 [notice] 1#1: start worker process 30
2022/11/17 04:43:38 [notice] 1#1: signal 3 (SIGQUIT) received, shutting down
2022/11/17 04:43:38 [notice] 23#23: gracefully shutting down
2022/11/17 04:43:38 [notice] 27#27: gracefully shutting down
2022/11/17 04:43:38 [notice] 29#29: gracefully shutting down
2022/11/17 04:43:38 [notice] 30#30: gracefully shutting down
2022/11/17 04:43:38 [notice] 23#23: exiting
2022/11/17 04:43:38 [notice] 27#27: exiting
2022/11/17 04:43:38 [notice] 30#30: exiting
2022/11/17 04:43:38 [notice] 29#29: exiting
2022/11/17 04:43:38 [notice] 26#26: gracefully shutting down
2022/11/17 04:43:38 [notice] 27#27: exit
2022/11/17 04:43:38 [notice] 23#23: exit
2022/11/17 04:43:38 [notice] 30#30: exit
2022/11/17 04:43:38 [notice] 29#29: exit
2022/11/17 04:43:38 [notice] 26#26: exiting
2022/11/17 04:43:38 [notice] 26#26: exit
2022/11/17 04:43:38 [notice] 25#25: gracefully shutting down
2022/11/17 04:43:38 [notice] 24#24: gracefully shutting down
2022/11/17 04:43:38 [notice] 28#28: gracefully shutting down
2022/11/17 04:43:38 [notice] 24#24: exiting
2022/11/17 04:43:38 [notice] 25#25: exiting
2022/11/17 04:43:38 [notice] 24#24: exit
2022/11/17 04:43:38 [notice] 28#28: exiting
2022/11/17 04:43:38 [notice] 25#25: exit
2022/11/17 04:43:38 [notice] 28#28: exit
2022/11/17 04:43:38 [notice] 1#1: signal 17 (SIGCHLD) received from 30
2022/11/17 04:43:38 [notice] 1#1: worker process 27 exited with code 0
2022/11/17 04:43:38 [notice] 1#1: worker process 30 exited with code 0
2022/11/17 04:43:38 [notice] 1#1: signal 29 (SIGIO) received
2022/11/17 04:43:38 [notice] 1#1: signal 17 (SIGCHLD) received from 28
2022/11/17 04:43:38 [notice] 1#1: worker process 23 exited with code 0
2022/11/17 04:43:38 [notice] 1#1: worker process 24 exited with code 0
2022/11/17 04:43:38 [notice] 1#1: worker process 26 exited with code 0
2022/11/17 04:43:38 [notice] 1#1: worker process 28 exited with code 0
2022/11/17 04:43:38 [notice] 1#1: signal 29 (SIGIO) received
2022/11/17 04:43:38 [notice] 1#1: signal 17 (SIGCHLD) received from 29
2022/11/17 04:43:38 [notice] 1#1: worker process 25 exited with code 0
2022/11/17 04:43:38 [notice] 1#1: worker process 29 exited with code 0
2022/11/17 04:43:38 [notice] 1#1: exit
2022/11/17 04:44:52 [notice] 1#1: using the "epoll" event method
2022/11/17 04:44:52 [notice] 1#1: nginx/1.21.6
2022/11/17 04:44:52 [notice] 1#1: built by gcc 10.3.1 20211027 (Alpine 10.3.1_git20211027) 
2022/11/17 04:44:52 [notice] 1#1: OS: Linux 5.10.102.1-microsoft-standard-WSL2
2022/11/17 04:44:52 [notice] 1#1: getrlimit(RLIMIT_NOFILE): 1048576:1048576
2022/11/17 04:44:52 [notice] 1#1: start worker processes
2022/11/17 04:44:52 [notice] 1#1: start worker process 24
2022/11/17 04:44:52 [notice] 1#1: start worker process 25
2022/11/17 04:44:52 [notice] 1#1: start worker process 26
2022/11/17 04:44:52 [notice] 1#1: start worker process 27
2022/11/17 04:44:52 [notice] 1#1: start worker process 28
2022/11/17 04:44:52 [notice] 1#1: start worker process 29
2022/11/17 04:44:52 [notice] 1#1: start worker process 30
2022/11/17 04:44:52 [notice] 1#1: start worker process 31
2022/11/17 05:04:27 [notice] 1#1: signal 3 (SIGQUIT) received, shutting down
2022/11/17 05:04:27 [notice] 24#24: gracefully shutting down
2022/11/17 05:04:27 [notice] 26#26: gracefully shutting down
2022/11/17 05:04:27 [notice] 28#28: gracefully shutting down
2022/11/17 05:04:27 [notice] 25#25: gracefully shutting down
2022/11/17 05:04:27 [notice] 27#27: gracefully shutting down
2022/11/17 05:04:27 [notice] 24#24: exiting
2022/11/17 05:04:27 [notice] 26#26: exiting
2022/11/17 05:04:27 [notice] 28#28: exiting
2022/11/17 05:04:27 [notice] 25#25: exiting
2022/11/17 05:04:27 [notice] 27#27: exiting
2022/11/17 05:04:27 [notice] 27#27: exit
2022/11/17 05:04:27 [notice] 26#26: exit
2022/11/17 05:04:27 [notice] 24#24: exit
2022/11/17 05:04:27 [notice] 28#28: exit
2022/11/17 05:04:27 [notice] 25#25: exit
2022/11/17 05:04:27 [notice] 29#29: gracefully shutting down
2022/11/17 05:04:27 [notice] 31#31: gracefully shutting down
2022/11/17 05:04:27 [notice] 30#30: gracefully shutting down
2022/11/17 05:04:27 [notice] 29#29: exiting
2022/11/17 05:04:27 [notice] 30#30: exiting
2022/11/17 05:04:27 [notice] 29#29: exit
2022/11/17 05:04:27 [notice] 31#31: exiting
2022/11/17 05:04:27 [notice] 30#30: exit
2022/11/17 05:04:27 [notice] 31#31: exit
2022/11/17 05:04:27 [notice] 1#1: signal 17 (SIGCHLD) received from 30
2022/11/17 05:04:27 [notice] 1#1: worker process 24 exited with code 0
2022/11/17 05:04:27 [notice] 1#1: worker process 28 exited with code 0
2022/11/17 05:04:27 [notice] 1#1: worker process 29 exited with code 0
2022/11/17 05:04:27 [notice] 1#1: worker process 30 exited with code 0
2022/11/17 05:04:27 [notice] 1#1: signal 29 (SIGIO) received
2022/11/17 05:04:27 [notice] 1#1: signal 17 (SIGCHLD) received from 26
2022/11/17 05:04:27 [notice] 1#1: worker process 26 exited with code 0
2022/11/17 05:04:27 [notice] 1#1: signal 29 (SIGIO) received
2022/11/17 05:04:27 [notice] 1#1: signal 17 (SIGCHLD) received from 31
2022/11/17 05:04:27 [notice] 1#1: worker process 25 exited with code 0
2022/11/17 05:04:27 [notice] 1#1: worker process 31 exited with code 0
2022/11/17 05:04:27 [notice] 1#1: signal 29 (SIGIO) received
2022/11/17 05:04:27 [notice] 1#1: signal 17 (SIGCHLD) received from 27
2022/11/17 05:04:27 [notice] 1#1: worker process 27 exited with code 0
2022/11/17 05:04:27 [notice] 1#1: exit
2022/11/17 05:04:43 [notice] 1#1: using the "epoll" event method
2022/11/17 05:04:43 [notice] 1#1: nginx/1.21.6
2022/11/17 05:04:43 [notice] 1#1: built by gcc 10.3.1 20211027 (Alpine 10.3.1_git20211027) 
2022/11/17 05:04:43 [notice] 1#1: OS: Linux 5.10.102.1-microsoft-standard-WSL2
2022/11/17 05:04:43 [notice] 1#1: getrlimit(RLIMIT_NOFILE): 1048576:1048576
2022/11/17 05:04:43 [notice] 1#1: start worker processes
2022/11/17 05:04:43 [notice] 1#1: start worker process 23
2022/11/17 05:04:43 [notice] 1#1: start worker process 24
2022/11/17 05:04:43 [notice] 1#1: start worker process 25
2022/11/17 05:04:43 [notice] 1#1: start worker process 26
2022/11/17 05:04:43 [notice] 1#1: start worker process 27
2022/11/17 05:04:43 [notice] 1#1: start worker process 28
2022/11/17 05:04:43 [notice] 1#1: start worker process 29
2022/11/17 05:04:43 [notice] 1#1: start worker process 30
2022/11/17 05:08:00 [notice] 1#1: signal 3 (SIGQUIT) received, shutting down
2022/11/17 05:08:00 [notice] 23#23: gracefully shutting down
2022/11/17 05:08:00 [notice] 24#24: gracefully shutting down
2022/11/17 05:08:00 [notice] 26#26: gracefully shutting down
2022/11/17 05:08:00 [notice] 25#25: gracefully shutting down
2022/11/17 05:08:00 [notice] 23#23: exiting
2022/11/17 05:08:00 [notice] 29#29: gracefully shutting down
2022/11/17 05:08:00 [notice] 26#26: exiting
2022/11/17 05:08:00 [notice] 25#25: exiting
2022/11/17 05:08:00 [notice] 24#24: exiting
2022/11/17 05:08:00 [notice] 23#23: exit
2022/11/17 05:08:00 [notice] 29#29: exiting
2022/11/17 05:08:00 [notice] 25#25: exit
2022/11/17 05:08:00 [notice] 26#26: exit
2022/11/17 05:08:00 [notice] 28#28: gracefully shutting down
2022/11/17 05:08:00 [notice] 24#24: exit
2022/11/17 05:08:00 [notice] 29#29: exit
2022/11/17 05:08:00 [notice] 28#28: exiting
2022/11/17 05:08:00 [notice] 28#28: exit
2022/11/17 05:08:00 [notice] 30#30: gracefully shutting down
2022/11/17 05:08:00 [notice] 27#27: gracefully shutting down
2022/11/17 05:08:00 [notice] 30#30: exiting
2022/11/17 05:08:00 [notice] 27#27: exiting
2022/11/17 05:08:00 [notice] 30#30: exit
2022/11/17 05:08:00 [notice] 27#27: exit
2022/11/17 05:08:00 [notice] 1#1: signal 17 (SIGCHLD) received from 23
2022/11/17 05:08:00 [notice] 1#1: worker process 23 exited with code 0
2022/11/17 05:08:00 [notice] 1#1: signal 29 (SIGIO) received
2022/11/17 05:08:00 [notice] 1#1: signal 17 (SIGCHLD) received from 27
2022/11/17 05:08:00 [notice] 1#1: worker process 27 exited with code 0
2022/11/17 05:08:00 [notice] 1#1: signal 29 (SIGIO) received
2022/11/17 05:08:00 [notice] 1#1: signal 17 (SIGCHLD) received from 26
2022/11/17 05:08:00 [notice] 1#1: worker process 26 exited with code 0
2022/11/17 05:08:00 [notice] 1#1: signal 29 (SIGIO) received
2022/11/17 05:08:01 [notice] 1#1: signal 17 (SIGCHLD) received from 29
2022/11/17 05:08:01 [notice] 1#1: worker process 29 exited with code 0
2022/11/17 05:08:01 [notice] 1#1: signal 29 (SIGIO) received
2022/11/17 05:08:01 [notice] 1#1: signal 17 (SIGCHLD) received from 24
2022/11/17 05:08:01 [notice] 1#1: worker process 24 exited with code 0
2022/11/17 05:08:01 [notice] 1#1: signal 29 (SIGIO) received
2022/11/17 05:08:01 [notice] 1#1: signal 17 (SIGCHLD) received from 25
2022/11/17 05:08:01 [notice] 1#1: worker process 25 exited with code 0
2022/11/17 05:08:01 [notice] 1#1: worker process 30 exited with code 0
2022/11/17 05:08:01 [notice] 1#1: signal 29 (SIGIO) received
2022/11/17 05:08:01 [notice] 1#1: signal 17 (SIGCHLD) received from 28
2022/11/17 05:08:01 [notice] 1#1: worker process 28 exited with code 0
2022/11/17 05:08:01 [notice] 1#1: exit
2022/11/17 05:08:10 [notice] 1#1: using the "epoll" event method
2022/11/17 05:08:10 [notice] 1#1: nginx/1.21.6
2022/11/17 05:08:10 [notice] 1#1: built by gcc 10.3.1 20211027 (Alpine 10.3.1_git20211027) 
2022/11/17 05:08:10 [notice] 1#1: OS: Linux 5.10.102.1-microsoft-standard-WSL2
2022/11/17 05:08:10 [notice] 1#1: getrlimit(RLIMIT_NOFILE): 1048576:1048576
2022/11/17 05:08:10 [notice] 1#1: start worker processes
2022/11/17 05:08:10 [notice] 1#1: start worker process 23
2022/11/17 05:08:10 [notice] 1#1: start worker process 24
2022/11/17 05:08:10 [notice] 1#1: start worker process 25
2022/11/17 05:08:10 [notice] 1#1: start worker process 26
2022/11/17 05:08:10 [notice] 1#1: start worker process 27
2022/11/17 05:08:10 [notice] 1#1: start worker process 28
2022/11/17 05:08:10 [notice] 1#1: start worker process 29
2022/11/17 05:08:10 [notice] 1#1: start worker process 30
2022/11/17 05:08:16 [error] 23#23: *1 connect() failed (111: Connection refused) while connecting to upstream, client: 172.25.0.1, server: , request: "GET / HTTP/1.1", upstream: "fastcgi://172.25.0.5:9000", host: "localhost"
2022/11/17 05:10:11 [notice] 1#1: signal 3 (SIGQUIT) received, shutting down
2022/11/17 05:10:11 [notice] 27#27: gracefully shutting down
2022/11/17 05:10:11 [notice] 25#25: gracefully shutting down
2022/11/17 05:10:11 [notice] 27#27: exiting
2022/11/17 05:10:11 [notice] 26#26: gracefully shutting down
2022/11/17 05:10:11 [notice] 25#25: exiting
2022/11/17 05:10:11 [notice] 29#29: gracefully shutting down
2022/11/17 05:10:11 [notice] 26#26: exiting
2022/11/17 05:10:11 [notice] 27#27: exit
2022/11/17 05:10:11 [notice] 25#25: exit
2022/11/17 05:10:11 [notice] 29#29: exiting
2022/11/17 05:10:11 [notice] 26#26: exit
2022/11/17 05:10:11 [notice] 29#29: exit
2022/11/17 05:10:11 [notice] 30#30: gracefully shutting down
2022/11/17 05:10:11 [notice] 30#30: exiting
2022/11/17 05:10:11 [notice] 30#30: exit
2022/11/17 05:10:11 [notice] 28#28: gracefully shutting down
2022/11/17 05:10:11 [notice] 28#28: exiting
2022/11/17 05:10:11 [notice] 28#28: exit
2022/11/17 05:10:11 [notice] 23#23: gracefully shutting down
2022/11/17 05:10:11 [notice] 23#23: exiting
2022/11/17 05:10:11 [notice] 24#24: gracefully shutting down
2022/11/17 05:10:11 [notice] 24#24: exiting
2022/11/17 05:10:11 [notice] 23#23: exit
2022/11/17 05:10:11 [notice] 24#24: exit
2022/11/17 05:10:11 [notice] 1#1: signal 17 (SIGCHLD) received from 27
2022/11/17 05:10:11 [notice] 1#1: worker process 23 exited with code 0
2022/11/17 05:10:11 [notice] 1#1: worker process 26 exited with code 0
2022/11/17 05:10:11 [notice] 1#1: worker process 27 exited with code 0
2022/11/17 05:10:11 [notice] 1#1: worker process 30 exited with code 0
2022/11/17 05:10:11 [notice] 1#1: signal 29 (SIGIO) received
2022/11/17 05:10:11 [notice] 1#1: signal 17 (SIGCHLD) received from 24
2022/11/17 05:10:11 [notice] 1#1: worker process 24 exited with code 0
2022/11/17 05:10:11 [notice] 1#1: worker process 28 exited with code 0
2022/11/17 05:10:11 [notice] 1#1: signal 29 (SIGIO) received
2022/11/17 05:10:11 [notice] 1#1: signal 17 (SIGCHLD) received from 25
2022/11/17 05:10:11 [notice] 1#1: worker process 25 exited with code 0
2022/11/17 05:10:11 [notice] 1#1: signal 29 (SIGIO) received
2022/11/17 05:10:11 [notice] 1#1: signal 17 (SIGCHLD) received from 29
2022/11/17 05:10:11 [notice] 1#1: worker process 29 exited with code 0
2022/11/17 05:10:11 [notice] 1#1: exit
2022/11/17 05:10:20 [notice] 1#1: using the "epoll" event method
2022/11/17 05:10:20 [notice] 1#1: nginx/1.21.6
2022/11/17 05:10:20 [notice] 1#1: built by gcc 10.3.1 20211027 (Alpine 10.3.1_git20211027) 
2022/11/17 05:10:20 [notice] 1#1: OS: Linux 5.10.102.1-microsoft-standard-WSL2
2022/11/17 05:10:20 [notice] 1#1: getrlimit(RLIMIT_NOFILE): 1048576:1048576
2022/11/17 05:10:20 [notice] 1#1: start worker processes
2022/11/17 05:10:20 [notice] 1#1: start worker process 23
2022/11/17 05:10:20 [notice] 1#1: start worker process 24
2022/11/17 05:10:20 [notice] 1#1: start worker process 25
2022/11/17 05:10:20 [notice] 1#1: start worker process 26
2022/11/17 05:10:20 [notice] 1#1: start worker process 27
2022/11/17 05:10:20 [notice] 1#1: start worker process 28
2022/11/17 05:10:20 [notice] 1#1: start worker process 29
2022/11/17 05:10:20 [notice] 1#1: start worker process 30
2022/11/17 05:10:26 [notice] 1#1: signal 3 (SIGQUIT) received, shutting down
2022/11/17 05:10:26 [notice] 25#25: gracefully shutting down
2022/11/17 05:10:26 [notice] 27#27: gracefully shutting down
2022/11/17 05:10:26 [notice] 28#28: gracefully shutting down
2022/11/17 05:10:26 [notice] 25#25: exiting
2022/11/17 05:10:26 [notice] 29#29: gracefully shutting down
2022/11/17 05:10:26 [notice] 27#27: exiting
2022/11/17 05:10:26 [notice] 28#28: exiting
2022/11/17 05:10:26 [notice] 24#24: gracefully shutting down
2022/11/17 05:10:26 [notice] 30#30: gracefully shutting down
2022/11/17 05:10:26 [notice] 29#29: exiting
2022/11/17 05:10:26 [notice] 24#24: exiting
2022/11/17 05:10:26 [notice] 30#30: exiting
2022/11/17 05:10:26 [notice] 27#27: exit
2022/11/17 05:10:26 [notice] 28#28: exit
2022/11/17 05:10:26 [notice] 25#25: exit
2022/11/17 05:10:26 [notice] 30#30: exit
2022/11/17 05:10:26 [notice] 24#24: exit
2022/11/17 05:10:26 [notice] 29#29: exit
2022/11/17 05:10:26 [notice] 23#23: gracefully shutting down
2022/11/17 05:10:26 [notice] 23#23: exiting
2022/11/17 05:10:26 [notice] 23#23: exit
2022/11/17 05:10:26 [notice] 26#26: gracefully shutting down
2022/11/17 05:10:26 [notice] 26#26: exiting
2022/11/17 05:10:26 [notice] 26#26: exit
2022/11/17 05:10:26 [notice] 1#1: signal 17 (SIGCHLD) received from 29
2022/11/17 05:10:26 [notice] 1#1: worker process 29 exited with code 0
2022/11/17 05:10:26 [notice] 1#1: signal 29 (SIGIO) received
2022/11/17 05:10:26 [notice] 1#1: signal 17 (SIGCHLD) received from 28
2022/11/17 05:10:26 [notice] 1#1: worker process 27 exited with code 0
2022/11/17 05:10:26 [notice] 1#1: worker process 28 exited with code 0
2022/11/17 05:10:26 [notice] 1#1: worker process 30 exited with code 0
2022/11/17 05:10:26 [notice] 1#1: signal 29 (SIGIO) received
2022/11/17 05:10:26 [notice] 1#1: signal 17 (SIGCHLD) received from 23
2022/11/17 05:10:26 [notice] 1#1: worker process 23 exited with code 0
2022/11/17 05:10:26 [notice] 1#1: worker process 24 exited with code 0
2022/11/17 05:10:26 [notice] 1#1: worker process 25 exited with code 0
2022/11/17 05:10:26 [notice] 1#1: worker process 26 exited with code 0
2022/11/17 05:10:26 [notice] 1#1: exit
2022/11/17 05:10:53 [notice] 1#1: using the "epoll" event method
2022/11/17 05:10:53 [notice] 1#1: nginx/1.21.6
2022/11/17 05:10:53 [notice] 1#1: built by gcc 10.3.1 20211027 (Alpine 10.3.1_git20211027) 
2022/11/17 05:10:53 [notice] 1#1: OS: Linux 5.10.102.1-microsoft-standard-WSL2
2022/11/17 05:10:53 [notice] 1#1: getrlimit(RLIMIT_NOFILE): 1048576:1048576
2022/11/17 05:10:53 [notice] 1#1: start worker processes
2022/11/17 05:10:53 [notice] 1#1: start worker process 23
2022/11/17 05:10:53 [notice] 1#1: start worker process 24
2022/11/17 05:10:53 [notice] 1#1: start worker process 25
2022/11/17 05:10:53 [notice] 1#1: start worker process 26
2022/11/17 05:10:53 [notice] 1#1: start worker process 27
2022/11/17 05:10:53 [notice] 1#1: start worker process 28
2022/11/17 05:10:53 [notice] 1#1: start worker process 29
2022/11/17 05:10:53 [notice] 1#1: start worker process 30
2022/11/17 05:12:34 [notice] 1#1: signal 3 (SIGQUIT) received, shutting down
2022/11/17 05:12:34 [notice] 24#24: gracefully shutting down
2022/11/17 05:12:34 [notice] 26#26: gracefully shutting down
2022/11/17 05:12:34 [notice] 29#29: gracefully shutting down
2022/11/17 05:12:34 [notice] 25#25: gracefully shutting down
2022/11/17 05:12:34 [notice] 24#24: exiting
2022/11/17 05:12:34 [notice] 25#25: exiting
2022/11/17 05:12:34 [notice] 26#26: exiting
2022/11/17 05:12:34 [notice] 29#29: exiting
2022/11/17 05:12:34 [notice] 26#26: exit
2022/11/17 05:12:34 [notice] 25#25: exit
2022/11/17 05:12:34 [notice] 29#29: exit
2022/11/17 05:12:34 [notice] 24#24: exit
2022/11/17 05:12:34 [notice] 23#23: gracefully shutting down
2022/11/17 05:12:34 [notice] 23#23: exiting
2022/11/17 05:12:34 [notice] 23#23: exit
2022/11/17 05:12:34 [notice] 27#27: gracefully shutting down
2022/11/17 05:12:34 [notice] 27#27: exiting
2022/11/17 05:12:34 [notice] 27#27: exit
2022/11/17 05:12:34 [notice] 28#28: gracefully shutting down
2022/11/17 05:12:34 [notice] 28#28: exiting
2022/11/17 05:12:34 [notice] 28#28: exit
2022/11/17 05:12:34 [notice] 30#30: gracefully shutting down
2022/11/17 05:12:34 [notice] 30#30: exiting
2022/11/17 05:12:34 [notice] 30#30: exit
2022/11/17 05:12:34 [notice] 1#1: signal 17 (SIGCHLD) received from 26
2022/11/17 05:12:34 [notice] 1#1: worker process 26 exited with code 0
2022/11/17 05:12:34 [notice] 1#1: signal 29 (SIGIO) received
2022/11/17 05:12:34 [notice] 1#1: signal 17 (SIGCHLD) received from 25
2022/11/17 05:12:34 [notice] 1#1: worker process 23 exited with code 0
2022/11/17 05:12:34 [notice] 1#1: worker process 25 exited with code 0
2022/11/17 05:12:34 [notice] 1#1: worker process 27 exited with code 0
2022/11/17 05:12:34 [notice] 1#1: worker process 28 exited with code 0
2022/11/17 05:12:34 [notice] 1#1: worker process 30 exited with code 0
2022/11/17 05:12:34 [notice] 1#1: signal 29 (SIGIO) received
2022/11/17 05:12:34 [notice] 1#1: signal 17 (SIGCHLD) received from 28
2022/11/17 05:12:34 [notice] 1#1: signal 17 (SIGCHLD) received from 24
2022/11/17 05:12:34 [notice] 1#1: worker process 24 exited with code 0
2022/11/17 05:12:34 [notice] 1#1: worker process 29 exited with code 0
2022/11/17 05:12:34 [notice] 1#1: exit
2022/11/17 05:12:46 [notice] 1#1: using the "epoll" event method
2022/11/17 05:12:46 [notice] 1#1: nginx/1.21.6
2022/11/17 05:12:46 [notice] 1#1: built by gcc 10.3.1 20211027 (Alpine 10.3.1_git20211027) 
2022/11/17 05:12:46 [notice] 1#1: OS: Linux 5.10.102.1-microsoft-standard-WSL2
2022/11/17 05:12:46 [notice] 1#1: getrlimit(RLIMIT_NOFILE): 1048576:1048576
2022/11/17 05:12:46 [notice] 1#1: start worker processes
2022/11/17 05:12:46 [notice] 1#1: start worker process 23
2022/11/17 05:12:46 [notice] 1#1: start worker process 24
2022/11/17 05:12:46 [notice] 1#1: start worker process 25
2022/11/17 05:12:46 [notice] 1#1: start worker process 26
2022/11/17 05:12:46 [notice] 1#1: start worker process 27
2022/11/17 05:12:46 [notice] 1#1: start worker process 28
2022/11/17 05:12:46 [notice] 1#1: start worker process 29
2022/11/17 05:12:46 [notice] 1#1: start worker process 30
2022/11/17 05:15:37 [notice] 1#1: signal 3 (SIGQUIT) received, shutting down
2022/11/17 05:15:37 [notice] 23#23: gracefully shutting down
2022/11/17 05:15:37 [notice] 29#29: gracefully shutting down
2022/11/17 05:15:37 [notice] 27#27: gracefully shutting down
2022/11/17 05:15:37 [notice] 23#23: exiting
2022/11/17 05:15:37 [notice] 30#30: gracefully shutting down
2022/11/17 05:15:37 [notice] 29#29: exiting
2022/11/17 05:15:37 [notice] 27#27: exiting
2022/11/17 05:15:37 [notice] 30#30: exiting
2022/11/17 05:15:37 [notice] 23#23: exit
2022/11/17 05:15:37 [notice] 27#27: exit
2022/11/17 05:15:37 [notice] 29#29: exit
2022/11/17 05:15:37 [notice] 30#30: exit
2022/11/17 05:15:37 [notice] 24#24: gracefully shutting down
2022/11/17 05:15:37 [notice] 24#24: exiting
2022/11/17 05:15:37 [notice] 24#24: exit
2022/11/17 05:15:37 [notice] 26#26: gracefully shutting down
2022/11/17 05:15:37 [notice] 26#26: exiting
2022/11/17 05:15:37 [notice] 26#26: exit
2022/11/17 05:15:37 [notice] 25#25: gracefully shutting down
2022/11/17 05:15:37 [notice] 25#25: exiting
2022/11/17 05:15:37 [notice] 25#25: exit
2022/11/17 05:15:37 [notice] 28#28: gracefully shutting down
2022/11/17 05:15:37 [notice] 28#28: exiting
2022/11/17 05:15:37 [notice] 28#28: exit
2022/11/17 05:15:37 [notice] 1#1: signal 17 (SIGCHLD) received from 30
2022/11/17 05:15:37 [notice] 1#1: worker process 30 exited with code 0
2022/11/17 05:15:37 [notice] 1#1: signal 29 (SIGIO) received
2022/11/17 05:15:37 [notice] 1#1: signal 17 (SIGCHLD) received from 26
2022/11/17 05:15:37 [notice] 1#1: worker process 26 exited with code 0
2022/11/17 05:15:37 [notice] 1#1: worker process 27 exited with code 0
2022/11/17 05:15:37 [notice] 1#1: worker process 28 exited with code 0
2022/11/17 05:15:37 [notice] 1#1: signal 29 (SIGIO) received
2022/11/17 05:15:37 [notice] 1#1: signal 17 (SIGCHLD) received from 29
2022/11/17 05:15:37 [notice] 1#1: worker process 23 exited with code 0
2022/11/17 05:15:37 [notice] 1#1: worker process 29 exited with code 0
2022/11/17 05:15:37 [notice] 1#1: signal 29 (SIGIO) received
2022/11/17 05:15:37 [notice] 1#1: signal 17 (SIGCHLD) received from 25
2022/11/17 05:15:37 [notice] 1#1: worker process 25 exited with code 0
2022/11/17 05:15:37 [notice] 1#1: signal 29 (SIGIO) received
2022/11/17 05:15:37 [notice] 1#1: signal 17 (SIGCHLD) received from 24
2022/11/17 05:15:37 [notice] 1#1: worker process 24 exited with code 0
2022/11/17 05:15:37 [notice] 1#1: exit
2022/11/17 05:15:50 [notice] 1#1: using the "epoll" event method
2022/11/17 05:15:50 [notice] 1#1: nginx/1.21.6
2022/11/17 05:15:50 [notice] 1#1: built by gcc 10.3.1 20211027 (Alpine 10.3.1_git20211027) 
2022/11/17 05:15:50 [notice] 1#1: OS: Linux 5.10.102.1-microsoft-standard-WSL2
2022/11/17 05:15:50 [notice] 1#1: getrlimit(RLIMIT_NOFILE): 1048576:1048576
2022/11/17 05:15:50 [notice] 1#1: start worker processes
2022/11/17 05:15:50 [notice] 1#1: start worker process 23
2022/11/17 05:15:50 [notice] 1#1: start worker process 24
2022/11/17 05:15:50 [notice] 1#1: start worker process 25
2022/11/17 05:15:50 [notice] 1#1: start worker process 26
2022/11/17 05:15:50 [notice] 1#1: start worker process 27
2022/11/17 05:15:50 [notice] 1#1: start worker process 28
2022/11/17 05:15:50 [notice] 1#1: start worker process 29
2022/11/17 05:15:50 [notice] 1#1: start worker process 30
2022/11/17 05:15:53 [error] 23#23: *1 connect() failed (111: Connection refused) while connecting to upstream, client: 172.29.0.1, server: , request: "GET /spa/ HTTP/1.1", upstream: "fastcgi://172.29.0.4:9000", host: "localhost", referrer: "http://localhost/spa/"
2022/11/17 05:16:38 [notice] 1#1: signal 3 (SIGQUIT) received, shutting down
2022/11/17 05:16:38 [notice] 23#23: gracefully shutting down
2022/11/17 05:16:38 [notice] 24#24: gracefully shutting down
2022/11/17 05:16:38 [notice] 25#25: gracefully shutting down
2022/11/17 05:16:38 [notice] 24#24: exiting
2022/11/17 05:16:38 [notice] 29#29: gracefully shutting down
2022/11/17 05:16:38 [notice] 27#27: gracefully shutting down
2022/11/17 05:16:38 [notice] 25#25: exiting
2022/11/17 05:16:38 [notice] 29#29: exiting
2022/11/17 05:16:38 [notice] 27#27: exiting
2022/11/17 05:16:38 [notice] 23#23: exiting
2022/11/17 05:16:38 [notice] 25#25: exit
2022/11/17 05:16:38 [notice] 24#24: exit
2022/11/17 05:16:38 [notice] 29#29: exit
2022/11/17 05:16:38 [notice] 27#27: exit
2022/11/17 05:16:38 [notice] 23#23: exit
2022/11/17 05:16:38 [notice] 26#26: gracefully shutting down
2022/11/17 05:16:38 [notice] 28#28: gracefully shutting down
2022/11/17 05:16:38 [notice] 26#26: exiting
2022/11/17 05:16:38 [notice] 28#28: exiting
2022/11/17 05:16:38 [notice] 28#28: exit
2022/11/17 05:16:38 [notice] 26#26: exit
2022/11/17 05:16:38 [notice] 30#30: gracefully shutting down
2022/11/17 05:16:38 [notice] 30#30: exiting
2022/11/17 05:16:38 [notice] 30#30: exit
2022/11/17 05:16:38 [notice] 1#1: signal 17 (SIGCHLD) received from 23
2022/11/17 05:16:38 [notice] 1#1: worker process 23 exited with code 0
2022/11/17 05:16:38 [notice] 1#1: worker process 26 exited with code 0
2022/11/17 05:16:38 [notice] 1#1: worker process 30 exited with code 0
2022/11/17 05:16:38 [notice] 1#1: signal 29 (SIGIO) received
2022/11/17 05:16:38 [notice] 1#1: signal 17 (SIGCHLD) received from 27
2022/11/17 05:16:38 [notice] 1#1: worker process 25 exited with code 0
2022/11/17 05:16:38 [notice] 1#1: worker process 27 exited with code 0
2022/11/17 05:16:38 [notice] 1#1: worker process 29 exited with code 0
2022/11/17 05:16:38 [notice] 1#1: signal 29 (SIGIO) received
2022/11/17 05:16:38 [notice] 1#1: signal 17 (SIGCHLD) received from 28
2022/11/17 05:16:38 [notice] 1#1: worker process 24 exited with code 0
2022/11/17 05:16:38 [notice] 1#1: worker process 28 exited with code 0
2022/11/17 05:16:38 [notice] 1#1: exit
2022/11/17 05:16:44 [notice] 1#1: using the "epoll" event method
2022/11/17 05:16:44 [notice] 1#1: nginx/1.21.6
2022/11/17 05:16:44 [notice] 1#1: built by gcc 10.3.1 20211027 (Alpine 10.3.1_git20211027) 
2022/11/17 05:16:44 [notice] 1#1: OS: Linux 5.10.102.1-microsoft-standard-WSL2
2022/11/17 05:16:44 [notice] 1#1: getrlimit(RLIMIT_NOFILE): 1048576:1048576
2022/11/17 05:16:44 [notice] 1#1: start worker processes
2022/11/17 05:16:44 [notice] 1#1: start worker process 23
2022/11/17 05:16:44 [notice] 1#1: start worker process 24
2022/11/17 05:16:44 [notice] 1#1: start worker process 25
2022/11/17 05:16:44 [notice] 1#1: start worker process 26
2022/11/17 05:16:44 [notice] 1#1: start worker process 27
2022/11/17 05:16:44 [notice] 1#1: start worker process 28
2022/11/17 05:16:44 [notice] 1#1: start worker process 29
2022/11/17 05:16:44 [notice] 1#1: start worker process 30
2022/11/17 05:17:30 [notice] 1#1: signal 3 (SIGQUIT) received, shutting down
2022/11/17 05:17:30 [notice] 26#26: gracefully shutting down
2022/11/17 05:17:30 [notice] 24#24: gracefully shutting down
2022/11/17 05:17:30 [notice] 27#27: gracefully shutting down
2022/11/17 05:17:30 [notice] 28#28: gracefully shutting down
2022/11/17 05:17:30 [notice] 29#29: gracefully shutting down
2022/11/17 05:17:30 [notice] 26#26: exiting
2022/11/17 05:17:30 [notice] 24#24: exiting
2022/11/17 05:17:30 [notice] 25#25: gracefully shutting down
2022/11/17 05:17:30 [notice] 27#27: exiting
2022/11/17 05:17:30 [notice] 28#28: exiting
2022/11/17 05:17:30 [notice] 29#29: exiting
2022/11/17 05:17:30 [notice] 25#25: exiting
2022/11/17 05:17:30 [notice] 26#26: exit
2022/11/17 05:17:30 [notice] 29#29: exit
2022/11/17 05:17:30 [notice] 27#27: exit
2022/11/17 05:17:30 [notice] 28#28: exit
2022/11/17 05:17:30 [notice] 24#24: exit
2022/11/17 05:17:30 [notice] 25#25: exit
2022/11/17 05:17:30 [notice] 30#30: gracefully shutting down
2022/11/17 05:17:30 [notice] 23#23: gracefully shutting down
2022/11/17 05:17:30 [notice] 30#30: exiting
2022/11/17 05:17:30 [notice] 23#23: exiting
2022/11/17 05:17:30 [notice] 30#30: exit
2022/11/17 05:17:30 [notice] 23#23: exit
2022/11/17 05:17:30 [notice] 1#1: signal 17 (SIGCHLD) received from 25
2022/11/17 05:17:30 [notice] 1#1: worker process 25 exited with code 0
2022/11/17 05:17:30 [notice] 1#1: signal 29 (SIGIO) received
2022/11/17 05:17:30 [notice] 1#1: signal 17 (SIGCHLD) received from 26
2022/11/17 05:17:30 [notice] 1#1: worker process 23 exited with code 0
2022/11/17 05:17:30 [notice] 1#1: worker process 24 exited with code 0
2022/11/17 05:17:30 [notice] 1#1: worker process 26 exited with code 0
2022/11/17 05:17:30 [notice] 1#1: worker process 28 exited with code 0
2022/11/17 05:17:30 [notice] 1#1: worker process 29 exited with code 0
2022/11/17 05:17:30 [notice] 1#1: worker process 30 exited with code 0
2022/11/17 05:17:30 [notice] 1#1: signal 29 (SIGIO) received
2022/11/17 05:17:30 [notice] 1#1: signal 17 (SIGCHLD) received from 28
2022/11/17 05:17:30 [notice] 1#1: signal 17 (SIGCHLD) received from 27
2022/11/17 05:17:30 [notice] 1#1: worker process 27 exited with code 0
2022/11/17 05:17:30 [notice] 1#1: exit
2022/11/17 05:18:53 [notice] 1#1: using the "epoll" event method
2022/11/17 05:18:53 [notice] 1#1: nginx/1.21.6
2022/11/17 05:18:53 [notice] 1#1: built by gcc 10.3.1 20211027 (Alpine 10.3.1_git20211027) 
2022/11/17 05:18:53 [notice] 1#1: OS: Linux 5.10.102.1-microsoft-standard-WSL2
2022/11/17 05:18:53 [notice] 1#1: getrlimit(RLIMIT_NOFILE): 1048576:1048576
2022/11/17 05:18:53 [notice] 1#1: start worker processes
2022/11/17 05:18:53 [notice] 1#1: start worker process 23
2022/11/17 05:18:53 [notice] 1#1: start worker process 24
2022/11/17 05:18:53 [notice] 1#1: start worker process 25
2022/11/17 05:18:53 [notice] 1#1: start worker process 26
2022/11/17 05:18:53 [notice] 1#1: start worker process 27
2022/11/17 05:18:53 [notice] 1#1: start worker process 28
2022/11/17 05:18:53 [notice] 1#1: start worker process 29
2022/11/17 05:18:53 [notice] 1#1: start worker process 30
2022/11/17 05:21:38 [notice] 1#1: signal 3 (SIGQUIT) received, shutting down
2022/11/17 05:21:38 [notice] 23#23: gracefully shutting down
2022/11/17 05:21:38 [notice] 25#25: gracefully shutting down
2022/11/17 05:21:38 [notice] 28#28: gracefully shutting down
2022/11/17 05:21:38 [notice] 29#29: gracefully shutting down
2022/11/17 05:21:38 [notice] 24#24: gracefully shutting down
2022/11/17 05:21:38 [notice] 28#28: exiting
2022/11/17 05:21:38 [notice] 25#25: exiting
2022/11/17 05:21:38 [notice] 27#27: gracefully shutting down
2022/11/17 05:21:38 [notice] 23#23: exiting
2022/11/17 05:21:38 [notice] 29#29: exiting
2022/11/17 05:21:38 [notice] 24#24: exiting
2022/11/17 05:21:38 [notice] 27#27: exiting
2022/11/17 05:21:38 [notice] 23#23: exit
2022/11/17 05:21:38 [notice] 28#28: exit
2022/11/17 05:21:38 [notice] 25#25: exit
2022/11/17 05:21:38 [notice] 29#29: exit
2022/11/17 05:21:38 [notice] 27#27: exit
2022/11/17 05:21:38 [notice] 24#24: exit
2022/11/17 05:21:38 [notice] 30#30: gracefully shutting down
2022/11/17 05:21:38 [notice] 26#26: gracefully shutting down
2022/11/17 05:21:38 [notice] 30#30: exiting
2022/11/17 05:21:38 [notice] 26#26: exiting
2022/11/17 05:21:38 [notice] 30#30: exit
2022/11/17 05:21:38 [notice] 26#26: exit
2022/11/17 05:21:38 [notice] 1#1: signal 17 (SIGCHLD) received from 23
2022/11/17 05:21:38 [notice] 1#1: worker process 23 exited with code 0
2022/11/17 05:21:38 [notice] 1#1: worker process 24 exited with code 0
2022/11/17 05:21:38 [notice] 1#1: worker process 25 exited with code 0
2022/11/17 05:21:38 [notice] 1#1: worker process 27 exited with code 0
2022/11/17 05:21:38 [notice] 1#1: worker process 29 exited with code 0
2022/11/17 05:21:38 [notice] 1#1: signal 29 (SIGIO) received
2022/11/17 05:21:38 [notice] 1#1: signal 17 (SIGCHLD) received from 29
2022/11/17 05:21:38 [notice] 1#1: signal 17 (SIGCHLD) received from 28
2022/11/17 05:21:38 [notice] 1#1: worker process 28 exited with code 0
2022/11/17 05:21:38 [notice] 1#1: worker process 30 exited with code 0
2022/11/17 05:21:38 [notice] 1#1: signal 29 (SIGIO) received
2022/11/17 05:21:38 [notice] 1#1: signal 17 (SIGCHLD) received from 26
2022/11/17 05:21:38 [notice] 1#1: worker process 26 exited with code 0
2022/11/17 05:21:38 [notice] 1#1: exit
2022/11/17 06:15:50 [notice] 1#1: using the "epoll" event method
2022/11/17 06:15:50 [notice] 1#1: nginx/1.21.6
2022/11/17 06:15:50 [notice] 1#1: built by gcc 10.3.1 20211027 (Alpine 10.3.1_git20211027) 
2022/11/17 06:15:50 [notice] 1#1: OS: Linux 5.10.102.1-microsoft-standard-WSL2
2022/11/17 06:15:50 [notice] 1#1: getrlimit(RLIMIT_NOFILE): 1048576:1048576
2022/11/17 06:15:50 [notice] 1#1: start worker processes
2022/11/17 06:15:50 [notice] 1#1: start worker process 24
2022/11/17 06:15:50 [notice] 1#1: start worker process 25
2022/11/17 06:15:50 [notice] 1#1: start worker process 26
2022/11/17 06:15:50 [notice] 1#1: start worker process 27
2022/11/17 06:15:50 [notice] 1#1: start worker process 28
2022/11/17 06:15:50 [notice] 1#1: start worker process 29
2022/11/17 06:15:50 [notice] 1#1: start worker process 30
2022/11/17 06:15:50 [notice] 1#1: start worker process 31
2022/11/17 06:16:28 [error] 24#24: *1 connect() failed (111: Connection refused) while connecting to upstream, client: 192.168.0.1, server: , request: "GET / HTTP/1.1", upstream: "fastcgi://125.235.4.59:9000", host: "localhost"
2022/11/17 06:16:51 [error] 24#24: *1 connect() failed (111: Connection refused) while connecting to upstream, client: 192.168.0.1, server: , request: "GET / HTTP/1.1", upstream: "fastcgi://125.235.4.59:9000", host: "localhost"
2022/11/17 06:17:07 [notice] 1#1: signal 3 (SIGQUIT) received, shutting down
2022/11/17 06:17:07 [notice] 24#24: gracefully shutting down
2022/11/17 06:17:07 [notice] 25#25: gracefully shutting down
2022/11/17 06:17:07 [notice] 27#27: gracefully shutting down
2022/11/17 06:17:07 [notice] 28#28: gracefully shutting down
2022/11/17 06:17:07 [notice] 25#25: exiting
2022/11/17 06:17:07 [notice] 27#27: exiting
2022/11/17 06:17:07 [notice] 31#31: gracefully shutting down
2022/11/17 06:17:07 [notice] 26#26: gracefully shutting down
2022/11/17 06:17:07 [notice] 28#28: exiting
2022/11/17 06:17:07 [notice] 31#31: exiting
2022/11/17 06:17:07 [notice] 26#26: exiting
2022/11/17 06:17:07 [notice] 27#27: exit
2022/11/17 06:17:07 [notice] 31#31: exit
2022/11/17 06:17:07 [notice] 26#26: exit
2022/11/17 06:17:07 [notice] 25#25: exit
2022/11/17 06:17:07 [notice] 28#28: exit
2022/11/17 06:17:07 [notice] 30#30: gracefully shutting down
2022/11/17 06:17:07 [notice] 29#29: gracefully shutting down
2022/11/17 06:17:07 [notice] 30#30: exiting
2022/11/17 06:17:07 [notice] 29#29: exiting
2022/11/17 06:17:07 [notice] 30#30: exit
2022/11/17 06:17:07 [notice] 29#29: exit
2022/11/17 06:17:07 [notice] 1#1: signal 17 (SIGCHLD) received from 31
2022/11/17 06:17:07 [notice] 1#1: worker process 25 exited with code 0
2022/11/17 06:17:07 [notice] 1#1: worker process 30 exited with code 0
2022/11/17 06:17:07 [notice] 1#1: worker process 31 exited with code 0
2022/11/17 06:17:07 [notice] 1#1: signal 29 (SIGIO) received
2022/11/17 06:17:07 [notice] 1#1: signal 17 (SIGCHLD) received from 25
2022/11/17 06:17:07 [notice] 1#1: signal 17 (SIGCHLD) received from 28
2022/11/17 06:17:07 [notice] 1#1: worker process 27 exited with code 0
2022/11/17 06:17:07 [notice] 1#1: worker process 28 exited with code 0
2022/11/17 06:17:07 [notice] 1#1: signal 29 (SIGIO) received
2022/11/17 06:17:07 [notice] 1#1: signal 17 (SIGCHLD) received from 26
2022/11/17 06:17:07 [notice] 1#1: worker process 26 exited with code 0
2022/11/17 06:17:07 [notice] 1#1: worker process 29 exited with code 0
2022/11/17 06:17:07 [notice] 1#1: signal 29 (SIGIO) received
2022/11/17 06:17:46 [notice] 1#1: using the "epoll" event method
2022/11/17 06:17:46 [notice] 1#1: nginx/1.21.6
2022/11/17 06:17:46 [notice] 1#1: built by gcc 10.3.1 20211027 (Alpine 10.3.1_git20211027) 
2022/11/17 06:17:46 [notice] 1#1: OS: Linux 5.10.102.1-microsoft-standard-WSL2
2022/11/17 06:17:46 [notice] 1#1: getrlimit(RLIMIT_NOFILE): 1048576:1048576
2022/11/17 06:17:46 [notice] 1#1: start worker processes
2022/11/17 06:17:46 [notice] 1#1: start worker process 23
2022/11/17 06:17:46 [notice] 1#1: start worker process 24
2022/11/17 06:17:46 [notice] 1#1: start worker process 25
2022/11/17 06:17:46 [notice] 1#1: start worker process 26
2022/11/17 06:17:46 [notice] 1#1: start worker process 27
2022/11/17 06:17:46 [notice] 1#1: start worker process 28
2022/11/17 06:17:46 [notice] 1#1: start worker process 29
2022/11/17 06:17:46 [notice] 1#1: start worker process 30
